<?xml version="1.0" encoding="UTF-8"?>
<!-- Generated by org.testng.reporters.JUnitReportReporter -->
<testsuite skipped="0" hostname="ip-172-31-7-66" name="test.LoginTest" tests="1" failures="0" timestamp="21 Feb 2021 13:52:46 GMT" time="5.486" errors="0">
  <testcase name="Testcase1" time="5.486" classname="test.LoginTest"/>
</testsuite> <!-- test.LoginTest -->
